Watching for file changes with StatReloader
Not Found: /
"GET / HTTP/1.1" 404 2174
Not Found: /main
"GET /main HTTP/1.1" 404 2204
"GET /admin HTTP/1.1" 301 0
"GET /admin/ HTTP/1.1" 302 0
"GET /admin/login/?next=/admin/ HTTP/1.1" 200 4158
"GET /static/admin/css/responsive.css HTTP/1.1" 200 17905
"GET /static/admin/css/login.css HTTP/1.1" 200 958
"GET /static/admin/css/nav_sidebar.css HTTP/1.1" 200 2810
"GET /static/admin/css/dark_mode.css HTTP/1.1" 200 2682
"GET /static/admin/css/base.css HTTP/1.1" 200 21544
"GET /static/admin/js/theme.js HTTP/1.1" 200 1943
"GET /static/admin/js/nav_sidebar.js HTTP/1.1" 200 3063
"GET /prefix HTTP/1.1" 301 0
"GET /prefix/ HTTP/1.1" 200 7
D:\Семинары GB\Django+Python\sem1\project\my_web_project\urls.py changed, reloading.
Watching for file changes with StatReloader
Not Found: /prefix/
"GET /prefix/ HTTP/1.1" 404 2433
D:\Семинары GB\Django+Python\sem1\project\my_web_project\urls.py changed, reloading.
Watching for file changes with StatReloader
Not Found: /prefix/
"GET /prefix/ HTTP/1.1" 404 2211
"GET /main/ HTTP/1.1" 200 7
D:\Семинары GB\Django+Python\sem1\project\my_web_project\urls.py changed, reloading.
Watching for file changes with StatReloader
Not Found: /main/
"GET /main/ HTTP/1.1" 404 2427
D:\Семинары GB\Django+Python\sem1\project\my_web_project\urls.py changed, reloading.
Watching for file changes with StatReloader
D:\Семинары GB\Django+Python\sem1\project\my_web_project\urls.py changed, reloading.
Watching for file changes with StatReloader
D:\Семинары GB\Django+Python\sem1\project\my_web_project\urls.py changed, reloading.
Watching for file changes with StatReloader
"GET /main/ HTTP/1.1" 200 7
"GET /main/ HTTP/1.1" 200 7
"GET /main/ HTTP/1.1" 200 7
"GET /main/about HTTP/1.1" 301 0
"GET /main/about/ HTTP/1.1" 200 9
D:\Семинары GB\Django+Python\sem1\project\my_web_project\settings.py changed, reloading.
Watching for file changes with StatReloader
Watching for file changes with StatReloader
"GET /main/about/ HTTP/1.1" 200 9
"GET /main/ HTTP/1.1" 200 7
